C:\USERS\MRFAS\DESKTOP\GR3\DEBUG\GR3.EXE
C:\USERS\MRFAS\DESKTOP\GR3\DEBUG\GR3.ILK
C:\USERS\MRFAS\DESKTOP\GR3\DEBUG\GR3.PDB
C:\USERS\MRFAS\DESKTOP\GR3\GR3\DEBUG\GR3.EXE.EMBED.MANIFEST.RES
C:\USERS\MRFAS\DESKTOP\GR3\GR3\DEBUG\GR3.EXE.INTERMEDIATE.MANIFEST
C:\USERS\MRFAS\DESKTOP\GR3\GR3\DEBUG\GR3.OBJ
C:\USERS\MRFAS\DESKTOP\GR3\GR3\DEBUG\GR3.PCH
C:\USERS\MRFAS\DESKTOP\GR3\GR3\DEBUG\GR3.RES
C:\USERS\MRFAS\DESKTOP\GR3\GR3\DEBUG\STDAFX.OBJ
C:\USERS\MRFAS\DESKTOP\GR3\GR3\DEBUG\VC100.PDB
C:\USERS\MRFAS\DESKTOP\GRAPH_LAB3\DEBUG\GR3.EXE
C:\USERS\MRFAS\DESKTOP\GRAPH_LAB3\DEBUG\GR3.ILK
C:\USERS\MRFAS\DESKTOP\GRAPH_LAB3\DEBUG\GR3.PDB
C:\USERS\MRFAS\DESKTOP\GRAPH_LAB3\GR3\DEBUG\GR3.EXE.EMBED.MANIFEST.RES
C:\USERS\MRFAS\DESKTOP\GRAPH_LAB3\GR3\DEBUG\GR3.EXE.INTERMEDIATE.MANIFEST
C:\USERS\MRFAS\DESKTOP\GRAPH_LAB3\GR3\DEBUG\GR3.OBJ
C:\USERS\MRFAS\DESKTOP\GRAPH_LAB3\GR3\DEBUG\GR3.PCH
C:\USERS\MRFAS\DESKTOP\GRAPH_LAB3\GR3\DEBUG\GR3.RES
C:\USERS\MRFAS\DESKTOP\GRAPH_LAB3\GR3\DEBUG\STDAFX.OBJ
C:\USERS\MRFAS\DESKTOP\GRAPH_LAB3\GR3\DEBUG\VC100.PDB
C:\USERS\QDERA\DESKTOP\GRAPH_LAB3\DEBUG\GR3.EXE
C:\USERS\QDERA\DESKTOP\GRAPH_LAB3\DEBUG\GR3.ILK
C:\USERS\QDERA\DESKTOP\GRAPH_LAB3\DEBUG\GR3.PDB
C:\USERS\QDERA\DESKTOP\GRAPH_LAB3\GR3\DEBUG\GR3.EXE.EMBED.MANIFEST.RES
C:\USERS\QDERA\DESKTOP\GRAPH_LAB3\GR3\DEBUG\GR3.EXE.INTERMEDIATE.MANIFEST
C:\USERS\QDERA\DESKTOP\GRAPH_LAB3\GR3\DEBUG\GR3.OBJ
C:\USERS\QDERA\DESKTOP\GRAPH_LAB3\GR3\DEBUG\GR3.PCH
C:\USERS\QDERA\DESKTOP\GRAPH_LAB3\GR3\DEBUG\GR3.RES
C:\USERS\QDERA\DESKTOP\GRAPH_LAB3\GR3\DEBUG\STDAFX.OBJ
C:\USERS\QDERA\DESKTOP\GRAPH_LAB3\GR3\DEBUG\VC100.PDB
C:\USERS\QDERA\DESKTOP\REPOSITORIES\WINAPI_LAB5\DEBUG\WINAPI_LAB5.EXE
C:\USERS\QDERA\DESKTOP\REPOSITORIES\WINAPI_LAB5\DEBUG\WINAPI_LAB5.ILK
C:\USERS\QDERA\DESKTOP\REPOSITORIES\WINAPI_LAB5\DEBUG\WINAPI_LAB5.PDB
C:\Users\Qdera\Desktop\Repositories\WinAPI_Lab5\gr3\Debug\cl.command.1.tlog
C:\Users\Qdera\Desktop\Repositories\WinAPI_Lab5\gr3\Debug\CL.read.1.tlog
C:\Users\Qdera\Desktop\Repositories\WinAPI_Lab5\gr3\Debug\CL.write.1.tlog
C:\Users\Qdera\Desktop\Repositories\WinAPI_Lab5\gr3\Debug\gr3.exe.embed.manifest
C:\Users\Qdera\Desktop\Repositories\WinAPI_Lab5\gr3\Debug\gr3.exe.embed.manifest.res
C:\Users\Qdera\Desktop\Repositories\WinAPI_Lab5\gr3\Debug\gr3.exe.intermediate.manifest
C:\USERS\QDERA\DESKTOP\REPOSITORIES\WINAPI_LAB5\GR3\DEBUG\GR3.OBJ
C:\Users\Qdera\Desktop\Repositories\WinAPI_Lab5\gr3\Debug\gr3.pch
C:\USERS\QDERA\DESKTOP\REPOSITORIES\WINAPI_LAB5\GR3\DEBUG\GR3.RES
C:\Users\Qdera\Desktop\Repositories\WinAPI_Lab5\gr3\Debug\gr3.vcxprojResolveAssemblyReference.cache
C:\Users\Qdera\Desktop\Repositories\WinAPI_Lab5\gr3\Debug\gr3.write.1.tlog
C:\Users\Qdera\Desktop\Repositories\WinAPI_Lab5\gr3\Debug\gr3_manifest.rc
C:\Users\Qdera\Desktop\Repositories\WinAPI_Lab5\gr3\Debug\link.11224.read.1.tlog
C:\Users\Qdera\Desktop\Repositories\WinAPI_Lab5\gr3\Debug\link.11224.write.1.tlog
C:\Users\Qdera\Desktop\Repositories\WinAPI_Lab5\gr3\Debug\link.11224-cvtres.read.1.tlog
C:\Users\Qdera\Desktop\Repositories\WinAPI_Lab5\gr3\Debug\link.11224-cvtres.write.1.tlog
C:\Users\Qdera\Desktop\Repositories\WinAPI_Lab5\gr3\Debug\link.11268.read.1.tlog
C:\Users\Qdera\Desktop\Repositories\WinAPI_Lab5\gr3\Debug\link.11268.write.1.tlog
C:\Users\Qdera\Desktop\Repositories\WinAPI_Lab5\gr3\Debug\link.11268-cvtres.read.1.tlog
C:\Users\Qdera\Desktop\Repositories\WinAPI_Lab5\gr3\Debug\link.11268-cvtres.write.1.tlog
C:\Users\Qdera\Desktop\Repositories\WinAPI_Lab5\gr3\Debug\link.2960.read.1.tlog
C:\Users\Qdera\Desktop\Repositories\WinAPI_Lab5\gr3\Debug\link.2960.write.1.tlog
C:\Users\Qdera\Desktop\Repositories\WinAPI_Lab5\gr3\Debug\link.2960-cvtres.read.1.tlog
C:\Users\Qdera\Desktop\Repositories\WinAPI_Lab5\gr3\Debug\link.2960-cvtres.write.1.tlog
C:\Users\Qdera\Desktop\Repositories\WinAPI_Lab5\gr3\Debug\link.4556.read.1.tlog
C:\Users\Qdera\Desktop\Repositories\WinAPI_Lab5\gr3\Debug\link.4556.write.1.tlog
C:\Users\Qdera\Desktop\Repositories\WinAPI_Lab5\gr3\Debug\link.4556-cvtres.read.1.tlog
C:\Users\Qdera\Desktop\Repositories\WinAPI_Lab5\gr3\Debug\link.4556-cvtres.write.1.tlog
C:\Users\Qdera\Desktop\Repositories\WinAPI_Lab5\gr3\Debug\link.6804.read.1.tlog
C:\Users\Qdera\Desktop\Repositories\WinAPI_Lab5\gr3\Debug\link.6804.write.1.tlog
C:\Users\Qdera\Desktop\Repositories\WinAPI_Lab5\gr3\Debug\link.6804-cvtres.read.1.tlog
C:\Users\Qdera\Desktop\Repositories\WinAPI_Lab5\gr3\Debug\link.6804-cvtres.write.1.tlog
C:\Users\Qdera\Desktop\Repositories\WinAPI_Lab5\gr3\Debug\link.9588.read.1.tlog
C:\Users\Qdera\Desktop\Repositories\WinAPI_Lab5\gr3\Debug\link.9588.write.1.tlog
C:\Users\Qdera\Desktop\Repositories\WinAPI_Lab5\gr3\Debug\link.9588-cvtres.read.1.tlog
C:\Users\Qdera\Desktop\Repositories\WinAPI_Lab5\gr3\Debug\link.9588-cvtres.write.1.tlog
C:\Users\Qdera\Desktop\Repositories\WinAPI_Lab5\gr3\Debug\link.command.1.tlog
C:\Users\Qdera\Desktop\Repositories\WinAPI_Lab5\gr3\Debug\link.read.1.tlog
C:\Users\Qdera\Desktop\Repositories\WinAPI_Lab5\gr3\Debug\link.write.1.tlog
C:\Users\Qdera\Desktop\Repositories\WinAPI_Lab5\gr3\Debug\link-cvtres.read.1.tlog
C:\Users\Qdera\Desktop\Repositories\WinAPI_Lab5\gr3\Debug\link-cvtres.write.1.tlog
C:\USERS\QDERA\DESKTOP\REPOSITORIES\WINAPI_LAB5\GR3\DEBUG\MAIN.OBJ
C:\USERS\QDERA\DESKTOP\REPOSITORIES\WINAPI_LAB5\GR3\DEBUG\MAIN.RES
C:\Users\Qdera\Desktop\Repositories\WinAPI_Lab5\gr3\Debug\mt.command.1.tlog
C:\Users\Qdera\Desktop\Repositories\WinAPI_Lab5\gr3\Debug\mt.read.1.tlog
C:\Users\Qdera\Desktop\Repositories\WinAPI_Lab5\gr3\Debug\mt.write.1.tlog
C:\Users\Qdera\Desktop\Repositories\WinAPI_Lab5\gr3\Debug\rc.command.1.tlog
C:\Users\Qdera\Desktop\Repositories\WinAPI_Lab5\gr3\Debug\rc.read.1.tlog
C:\Users\Qdera\Desktop\Repositories\WinAPI_Lab5\gr3\Debug\rc.write.1.tlog
C:\USERS\QDERA\DESKTOP\REPOSITORIES\WINAPI_LAB5\GR3\DEBUG\STDAFX.OBJ
C:\Users\Qdera\Desktop\Repositories\WinAPI_Lab5\gr3\Debug\vc100.idb
C:\USERS\QDERA\DESKTOP\REPOSITORIES\WINAPI_LAB5\GR3\DEBUG\VC100.PDB
C:\USERS\QDERA\DESKTOP\REPOSITORIES\WINAPI_LAB5\GR3\DEBUG\WINAPI_LAB5.EXE.EMBED.MANIFEST
C:\USERS\QDERA\DESKTOP\REPOSITORIES\WINAPI_LAB5\GR3\DEBUG\WINAPI_LAB5.EXE.EMBED.MANIFEST.RES
C:\USERS\QDERA\DESKTOP\REPOSITORIES\WINAPI_LAB5\GR3\DEBUG\WINAPI_LAB5.EXE.INTERMEDIATE.MANIFEST
C:\USERS\QDERA\DESKTOP\REPOSITORIES\WINAPI_LAB5\GR3\DEBUG\WINAPI_LAB5.PCH
C:\Users\Qdera\Desktop\Repositories\WinAPI_Lab5\gr3\Debug\WinApi_LAB5.write.1.tlog
C:\Users\Qdera\Desktop\Repositories\WinAPI_Lab5\gr3\Debug\WinApi_LAB5_manifest.rc
D:\PREV. COURSES\2.1_TERM\КГ и ЗД\GRAPH_LAB3\DEBUG\GR3.EXE
D:\PREV. COURSES\2.1_TERM\КГ и ЗД\GRAPH_LAB3\DEBUG\GR3.ILK
D:\PREV. COURSES\2.1_TERM\КГ И ЗД\GRAPH_LAB3\DEBUG\GR3.PDB
D:\PREV. COURSES\2.1_TERM\КГ и ЗД\GRAPH_LAB3\GR3\DEBUG\GR3.EXE.EMBED.MANIFEST
D:\PREV. COURSES\2.1_TERM\КГ и ЗД\GRAPH_LAB3\GR3\DEBUG\GR3.EXE.EMBED.MANIFEST.RES
D:\PREV. COURSES\2.1_TERM\КГ и ЗД\GRAPH_LAB3\GR3\DEBUG\GR3.EXE.INTERMEDIATE.MANIFEST
D:\PREV. COURSES\2.1_TERM\КГ и ЗД\GRAPH_LAB3\GR3\DEBUG\GR3.OBJ
D:\PREV. COURSES\2.1_TERM\КГ и ЗД\GRAPH_LAB3\GR3\DEBUG\GR3.PCH
D:\PREV. COURSES\2.1_TERM\КГ и ЗД\GRAPH_LAB3\GR3\DEBUG\GR3.RES
D:\PREV. COURSES\2.1_TERM\КГ и ЗД\GRAPH_LAB3\GR3\DEBUG\STDAFX.OBJ
D:\PREV. COURSES\2.1_TERM\КГ И ЗД\GRAPH_LAB3\GR3\DEBUG\VC100.PDB
